# JRE version: OpenJDK Runtime Environment Temurin-21.0.8+9 (21.0.8+9) (build 21.0.8+9-LTS)
# Java VM: OpenJDK 64-Bit Server VM Temurin-21.0.8+9 (21.0.8+9-LTS, mixed mode, sharing, tiered, compressed oops, compressed class ptrs, parallel gc, windows-amd64)
GC Precious Log:
 CardTable entry size: 512
 CPUs: 6 total, 6 available
 Memory: 7975M
 Large Page Support: Disabled
 NUMA Support: Disabled
 Compressed Oops: Enabled (32-bit)
 Alignments: Space 512K, Generation 512K, Heap 2M
 Heap Min Capacity: 100M
 Heap Initial Capacity: 100M
 Heap Max Capacity: 2G
 Pre-touch: Disabled
 Parallel Workers: 6
Heap:
 PSYoungGen      total 17408K, used 13519K [0x00000000d5580000, 0x00000000d6780000, 0x0000000100000000)
  eden space 16384K, 81% used [0x00000000d5580000,0x00000000d6283f50,0x00000000d6580000)
  from space 1024K, 18% used [0x00000000d6600000,0x00000000d6630000,0x00000000d6700000)
  to   space 512K, 0% used [0x00000000d6700000,0x00000000d6700000,0x00000000d6780000)
 ParOldGen       total 1019904K, used 190802K [0x0000000080000000, 0x00000000be400000, 0x00000000d5580000)
  object space 1019904K, 18% used [0x0000000080000000,0x000000008ba54a88,0x00000000be400000)
 Metaspace       used 92973K, committed 95104K, reserved 1179648K
  class space    used 9654K, committed 10624K, reserved 1048576K
GC Heap History (20 events):
Event: 3211.289 GC heap before
{Heap before GC invocations=1387 (full 5):
 PSYoungGen      total 11264K, used 11241K [0x00000000d5580000, 0x00000000d6580000, 0x0000000100000000)
  eden space 10752K, 100% used [0x00000000d5580000,0x00000000d6000000,0x00000000d6000000)
  from space 512K, 95% used [0x00000000d6000000,0x00000000d607a400,0x00000000d6080000)
  to   space 1536K, 0% used [0x00000000d6400000,0x00000000d6400000,0x00000000d6580000)
 ParOldGen       total 1019904K, used 184737K [0x0000000080000000, 0x00000000be400000, 0x00000000d5580000)
  object space 1019904K, 18% used [0x0000000080000000,0x000000008b468600,0x00000000be400000)
 Metaspace       used 92905K, committed 95104K, reserved 1179648K
  class space    used 9654K, committed 10624K, reserved 1048576K
}
Event: 3211.295 GC heap after
{Heap after GC invocations=1387 (full 5):
 PSYoungGen      total 14848K, used 1012K [0x00000000d5580000, 0x00000000d6580000, 0x0000000100000000)
  eden space 13312K, 0% used [0x00000000d5580000,0x00000000d5580000,0x00000000d6280000)
  from space 1536K, 65% used [0x00000000d6400000,0x00000000d64fd200,0x00000000d6580000)
  to   space 1536K, 0% used [0x00000000d6280000,0x00000000d6280000,0x00000000d6400000)
 ParOldGen       total 1019904K, used 185198K [0x0000000080000000, 0x00000000be400000, 0x00000000d5580000)
  object space 1019904K, 18% used [0x0000000080000000,0x000000008b4dba20,0x00000000be400000)
 Metaspace       used 92905K, committed 95104K, reserved 1179648K
  class space    used 9654K, committed 10624K, reserved 1048576K
}
Event: 3211.321 GC heap before
{Heap before GC invocations=1388 (full 5):
 PSYoungGen      total 14848K, used 14324K [0x00000000d5580000, 0x00000000d6580000, 0x0000000100000000)
  eden space 13312K, 100% used [0x00000000d5580000,0x00000000d6280000,0x00000000d6280000)
  from space 1536K, 65% used [0x00000000d6400000,0x00000000d64fd200,0x00000000d6580000)
  to   space 1536K, 0% used [0x00000000d6280000,0x00000000d6280000,0x00000000d6400000)
 ParOldGen       total 1019904K, used 185198K [0x0000000080000000, 0x00000000be400000, 0x00000000d5580000)
  object space 1019904K, 18% used [0x0000000080000000,0x000000008b4dba20,0x00000000be400000)
 Metaspace       used 92905K, committed 95104K, reserved 1179648K
  class space    used 9654K, committed 10624K, reserved 1048576K
}
Event: 3211.336 GC heap after
{Heap after GC invocations=1388 (full 5):
 PSYoungGen      total 14848K, used 1306K [0x00000000d5580000, 0x00000000d6880000, 0x0000000100000000)
  eden space 13312K, 0% used [0x00000000d5580000,0x00000000d5580000,0x00000000d6280000)
  from space 1536K, 85% used [0x00000000d6280000,0x00000000d63c6900,0x00000000d6400000)
  to   space 1536K, 0% used [0x00000000d6700000,0x00000000d6700000,0x00000000d6880000)
 ParOldGen       total 1019904K, used 186160K [0x0000000080000000, 0x00000000be400000, 0x00000000d5580000)
  object space 1019904K, 18% used [0x0000000080000000,0x000000008b5cc0a0,0x00000000be400000)
 Metaspace       used 92905K, committed 95104K, reserved 1179648K
  class space    used 9654K, committed 10624K, reserved 1048576K
}
Event: 3211.418 GC heap before
{Heap before GC invocations=1389 (full 5):
 PSYoungGen      total 14848K, used 14618K [0x00000000d5580000, 0x00000000d6880000, 0x0000000100000000)
  eden space 13312K, 100% used [0x00000000d5580000,0x00000000d6280000,0x00000000d6280000)
  from space 1536K, 85% used [0x00000000d6280000,0x00000000d63c6900,0x00000000d6400000)
  to   space 1536K, 0% used [0x00000000d6700000,0x00000000d6700000,0x00000000d6880000)
 ParOldGen       total 1019904K, used 186160K [0x0000000080000000, 0x00000000be400000, 0x00000000d5580000)
  object space 1019904K, 18% used [0x0000000080000000,0x000000008b5cc0a0,0x00000000be400000)
 Metaspace       used 92910K, committed 95104K, reserved 1179648K
  class space    used 9654K, committed 10624K, reserved 1048576K
}
Event: 3211.434 GC heap after
{Heap after GC invocations=1389 (full 5):
 PSYoungGen      total 17408K, used 736K [0x00000000d5580000, 0x00000000d6800000, 0x0000000100000000)
  eden space 16384K, 0% used [0x00000000d5580000,0x00000000d5580000,0x00000000d6580000)
  from space 1024K, 71% used [0x00000000d6700000,0x00000000d67b8000,0x00000000d6800000)
  to   space 1024K, 0% used [0x00000000d6600000,0x00000000d6600000,0x00000000d6700000)
 ParOldGen       total 1019904K, used 187406K [0x0000000080000000, 0x00000000be400000, 0x00000000d5580000)
  object space 1019904K, 18% used [0x0000000080000000,0x000000008b703a80,0x00000000be400000)
 Metaspace       used 92910K, committed 95104K, reserved 1179648K
  class space    used 9654K, committed 10624K, reserved 1048576K
}
Event: 3513.312 GC heap before
{Heap before GC invocations=1390 (full 5):
 PSYoungGen      total 17408K, used 17120K [0x00000000d5580000, 0x00000000d6800000, 0x0000000100000000)
  eden space 16384K, 100% used [0x00000000d5580000,0x00000000d6580000,0x00000000d6580000)
  from space 1024K, 71% used [0x00000000d6700000,0x00000000d67b8000,0x00000000d6800000)
  to   space 1024K, 0% used [0x00000000d6600000,0x00000000d6600000,0x00000000d6700000)
 ParOldGen       total 1019904K, used 187406K [0x0000000080000000, 0x00000000be400000, 0x00000000d5580000)
  object space 1019904K, 18% used [0x0000000080000000,0x000000008b703a80,0x00000000be400000)
 Metaspace       used 92941K, committed 95104K, reserved 1179648K
  class space    used 9654K, committed 10624K, reserved 1048576K
}
Event: 3513.465 GC heap after
{Heap after GC invocations=1390 (full 5):
 PSYoungGen      total 17408K, used 320K [0x00000000d5580000, 0x00000000d6780000, 0x0000000100000000)
  eden space 16384K, 0% used [0x00000000d5580000,0x00000000d5580000,0x00000000d6580000)
  from space 1024K, 31% used [0x00000000d6600000,0x00000000d6650040,0x00000000d6700000)
  to   space 512K, 0% used [0x00000000d6700000,0x00000000d6700000,0x00000000d6780000)
 ParOldGen       total 1019904K, used 187986K [0x0000000080000000, 0x00000000be400000, 0x00000000d5580000)
  object space 1019904K, 18% used [0x0000000080000000,0x000000008b794aa0,0x00000000be400000)
 Metaspace       used 92941K, committed 95104K, reserved 1179648K
  class space    used 9654K, committed 10624K, reserved 1048576K
}
Event: 3817.801 GC heap before
{Heap before GC invocations=1391 (full 5):
 PSYoungGen      total 17408K, used 16704K [0x00000000d5580000, 0x00000000d6780000, 0x0000000100000000)
  eden space 16384K, 100% used [0x00000000d5580000,0x00000000d6580000,0x00000000d6580000)
  from space 1024K, 31% used [0x00000000d6600000,0x00000000d6650040,0x00000000d6700000)
  to   space 512K, 0% used [0x00000000d6700000,0x00000000d6700000,0x00000000d6780000)
 ParOldGen       total 1019904K, used 187986K [0x0000000080000000, 0x00000000be400000, 0x00000000d5580000)
  object space 1019904K, 18% used [0x0000000080000000,0x000000008b794aa0,0x00000000be400000)
 Metaspace       used 92951K, committed 95104K, reserved 1179648K
  class space    used 9654K, committed 10624K, reserved 1048576K
}
Event: 3817.948 GC heap after
{Heap after GC invocations=1391 (full 5):
 PSYoungGen      total 16896K, used 506K [0x00000000d5580000, 0x00000000d6880000, 0x0000000100000000)
  eden space 16384K, 0% used [0x00000000d5580000,0x00000000d5580000,0x00000000d6580000)
  from space 512K, 98% used [0x00000000d6700000,0x00000000d677e900,0x00000000d6780000)
  to   space 1536K, 0% used [0x00000000d6580000,0x00000000d6580000,0x00000000d6700000)
 ParOldGen       total 1019904K, used 188417K [0x0000000080000000, 0x00000000be400000, 0x00000000d5580000)
  object space 1019904K, 18% used [0x0000000080000000,0x000000008b800578,0x00000000be400000)
 Metaspace       used 92951K, committed 95104K, reserved 1179648K
  class space    used 9654K, committed 10624K, reserved 1048576K
}
Event: 3819.163 GC heap before
{Heap before GC invocations=1392 (full 5):
 PSYoungGen      total 16896K, used 16890K [0x00000000d5580000, 0x00000000d6880000, 0x0000000100000000)
  eden space 16384K, 100% used [0x00000000d5580000,0x00000000d6580000,0x00000000d6580000)
  from space 512K, 98% used [0x00000000d6700000,0x00000000d677e900,0x00000000d6780000)
  to   space 1536K, 0% used [0x00000000d6580000,0x00000000d6580000,0x00000000d6700000)
 ParOldGen       total 1019904K, used 188417K [0x0000000080000000, 0x00000000be400000, 0x00000000d5580000)
  object space 1019904K, 18% used [0x0000000080000000,0x000000008b800578,0x00000000be400000)
 Metaspace       used 92958K, committed 95104K, reserved 1179648K
  class space    used 9654K, committed 10624K, reserved 1048576K
}
Event: 3819.173 GC heap after
{Heap after GC invocations=1392 (full 5):
 PSYoungGen      total 17408K, used 980K [0x00000000d5580000, 0x00000000d6780000, 0x0000000100000000)
  eden space 16384K, 0% used [0x00000000d5580000,0x00000000d5580000,0x00000000d6580000)
  from space 1024K, 95% used [0x00000000d6580000,0x00000000d6675220,0x00000000d6680000)
  to   space 1024K, 0% used [0x00000000d6680000,0x00000000d6680000,0x00000000d6780000)
 ParOldGen       total 1019904K, used 188913K [0x0000000080000000, 0x00000000be400000, 0x00000000d5580000)
  object space 1019904K, 18% used [0x0000000080000000,0x000000008b87c578,0x00000000be400000)
 Metaspace       used 92958K, committed 95104K, reserved 1179648K
  class space    used 9654K, committed 10624K, reserved 1048576K
}
Event: 3881.379 GC heap before
{Heap before GC invocations=1393 (full 5):
 PSYoungGen      total 17408K, used 17364K [0x00000000d5580000, 0x00000000d6780000, 0x0000000100000000)
  eden space 16384K, 99% used [0x00000000d5580000,0x00000000d657fff8,0x00000000d6580000)
  from space 1024K, 95% used [0x00000000d6580000,0x00000000d6675220,0x00000000d6680000)
  to   space 1024K, 0% used [0x00000000d6680000,0x00000000d6680000,0x00000000d6780000)
 ParOldGen       total 1019904K, used 188913K [0x0000000080000000, 0x00000000be400000, 0x00000000d5580000)
  object space 1019904K, 18% used [0x0000000080000000,0x000000008b87c578,0x00000000be400000)
 Metaspace       used 92962K, committed 95104K, reserved 1179648K
  class space    used 9654K, committed 10624K, reserved 1048576K
}
Event: 3881.388 GC heap after
{Heap after GC invocations=1393 (full 5):
 PSYoungGen      total 16896K, used 192K [0x00000000d5580000, 0x00000000d6700000, 0x0000000100000000)
  eden space 16384K, 0% used [0x00000000d5580000,0x00000000d5580000,0x00000000d6580000)
  from space 512K, 37% used [0x00000000d6680000,0x00000000d66b0000,0x00000000d6700000)
  to   space 512K, 0% used [0x00000000d6600000,0x00000000d6600000,0x00000000d6680000)
 ParOldGen       total 1019904K, used 189709K [0x0000000080000000, 0x00000000be400000, 0x00000000d5580000)
  object space 1019904K, 18% used [0x0000000080000000,0x000000008b9437c8,0x00000000be400000)
 Metaspace       used 92962K, committed 95104K, reserved 1179648K
  class space    used 9654K, committed 10624K, reserved 1048576K
}
Event: 3881.611 GC heap before
{Heap before GC invocations=1394 (full 5):
 PSYoungGen      total 16896K, used 16576K [0x00000000d5580000, 0x00000000d6700000, 0x0000000100000000)
  eden space 16384K, 100% used [0x00000000d5580000,0x00000000d6580000,0x00000000d6580000)
  from space 512K, 37% used [0x00000000d6680000,0x00000000d66b0000,0x00000000d6700000)
  to   space 512K, 0% used [0x00000000d6600000,0x00000000d6600000,0x00000000d6680000)
 ParOldGen       total 1019904K, used 189709K [0x0000000080000000, 0x00000000be400000, 0x00000000d5580000)
  object space 1019904K, 18% used [0x0000000080000000,0x000000008b9437c8,0x00000000be400000)
 Metaspace       used 92965K, committed 95104K, reserved 1179648K
  class space    used 9654K, committed 10624K, reserved 1048576K
}
Event: 3881.620 GC heap after
{Heap after GC invocations=1394 (full 5):
 PSYoungGen      total 16896K, used 506K [0x00000000d5580000, 0x00000000d6880000, 0x0000000100000000)
  eden space 16384K, 0% used [0x00000000d5580000,0x00000000d5580000,0x00000000d6580000)
  from space 512K, 98% used [0x00000000d6600000,0x00000000d667e960,0x00000000d6680000)
  to   space 1536K, 0% used [0x00000000d6700000,0x00000000d6700000,0x00000000d6880000)
 ParOldGen       total 1019904K, used 190222K [0x0000000080000000, 0x00000000be400000, 0x00000000d5580000)
  object space 1019904K, 18% used [0x0000000080000000,0x000000008b9c3808,0x00000000be400000)
 Metaspace       used 92965K, committed 95104K, reserved 1179648K
  class space    used 9654K, committed 10624K, reserved 1048576K
}
Event: 3882.022 GC heap before
{Heap before GC invocations=1395 (full 5):
 PSYoungGen      total 16896K, used 16890K [0x00000000d5580000, 0x00000000d6880000, 0x0000000100000000)
  eden space 16384K, 100% used [0x00000000d5580000,0x00000000d6580000,0x00000000d6580000)
  from space 512K, 98% used [0x00000000d6600000,0x00000000d667e960,0x00000000d6680000)
  to   space 1536K, 0% used [0x00000000d6700000,0x00000000d6700000,0x00000000d6880000)
 ParOldGen       total 1019904K, used 190222K [0x0000000080000000, 0x00000000be400000, 0x00000000d5580000)
  object space 1019904K, 18% used [0x0000000080000000,0x000000008b9c3808,0x00000000be400000)
 Metaspace       used 92968K, committed 95104K, reserved 1179648K
  class space    used 9654K, committed 10624K, reserved 1048576K
}
Event: 3882.028 GC heap after
{Heap after GC invocations=1395 (full 5):
 PSYoungGen      total 17408K, used 820K [0x00000000d5580000, 0x00000000d6800000, 0x0000000100000000)
  eden space 16384K, 0% used [0x00000000d5580000,0x00000000d5580000,0x00000000d6580000)
  from space 1024K, 80% used [0x00000000d6700000,0x00000000d67cd220,0x00000000d6800000)
  to   space 1024K, 0% used [0x00000000d6600000,0x00000000d6600000,0x00000000d6700000)
 ParOldGen       total 1019904K, used 190698K [0x0000000080000000, 0x00000000be400000, 0x00000000d5580000)
  object space 1019904K, 18% used [0x0000000080000000,0x000000008ba3aa68,0x00000000be400000)
 Metaspace       used 92968K, committed 95104K, reserved 1179648K
  class space    used 9654K, committed 10624K, reserved 1048576K
}
Event: 3882.620 GC heap before
{Heap before GC invocations=1396 (full 5):
 PSYoungGen      total 17408K, used 17204K [0x00000000d5580000, 0x00000000d6800000, 0x0000000100000000)
  eden space 16384K, 100% used [0x00000000d5580000,0x00000000d6580000,0x00000000d6580000)
  from space 1024K, 80% used [0x00000000d6700000,0x00000000d67cd220,0x00000000d6800000)
  to   space 1024K, 0% used [0x00000000d6600000,0x00000000d6600000,0x00000000d6700000)
 ParOldGen       total 1019904K, used 190698K [0x0000000080000000, 0x00000000be400000, 0x00000000d5580000)
  object space 1019904K, 18% used [0x0000000080000000,0x000000008ba3aa68,0x00000000be400000)
 Metaspace       used 92969K, committed 95104K, reserved 1179648K
  class space    used 9654K, committed 10624K, reserved 1048576K
}
Event: 3882.622 GC heap after
{Heap after GC invocations=1396 (full 5):
 PSYoungGen      total 17408K, used 192K [0x00000000d5580000, 0x00000000d6780000, 0x0000000100000000)
  eden space 16384K, 0% used [0x00000000d5580000,0x00000000d5580000,0x00000000d6580000)
  from space 1024K, 18% used [0x00000000d6600000,0x00000000d6630000,0x00000000d6700000)
  to   space 512K, 0% used [0x00000000d6700000,0x00000000d6700000,0x00000000d6780000)
 ParOldGen       total 1019904K, used 190802K [0x0000000080000000, 0x00000000be400000, 0x00000000d5580000)
  object space 1019904K, 18% used [0x0000000080000000,0x000000008ba54a88,0x00000000be400000)
 Metaspace       used 92969K, committed 95104K, reserved 1179648K
  class space    used 9654K, committed 10624K, reserved 1048576K
}

